<llsd>
    <map>
    <key>CallStack</key>
        <array>
            <map>
            <key>CallOffset</key>
                <integer>6963257</integer>
            <key>ModuleAddress</key>
                <integer>4194304</integer>
            <key>ModuleName</key>
                <string>c:\Dev\linden\indra\build-vc80\newview\release\secondlife-bin.exe</string>
            <key>Parameters</key>
                <array>
                    <string>Exception Offset</string>
                </array>
            <key>ReturnAddress</key>
                <integer>11157561</integer>
            </map>
            <map>
            <key>CallOffset</key>
                <integer>6937305</integer>
            <key>ModuleAddress</key>
                <integer>4194304</integer>
            <key>ModuleName</key>
                <string>c:\Dev\linden\indra\build-vc80\newview\release\secondlife-bin.exe</string>
            <key>Parameters</key>
                <array>
                    <integer>1</integer>
                    <integer>728704840</integer>
                    <integer>0</integer>
                    <integer>25996376</integer>
                    <integer>0</integer>
                </array>
            <key>ReturnAddress</key>
                <integer>11131609</integer>
            </map>
            <map>
            <key>CallOffset</key>
                <integer>6938234</integer>
            <key>ModuleAddress</key>
                <integer>4194304</integer>
            <key>ModuleName</key>
                <string>c:\Dev\linden\indra\build-vc80\newview\release\secondlife-bin.exe</string>
            <key>Parameters</key>
                <array>
                    <integer>1588886584</integer>
                    <integer>26002292</integer>
                    <integer>25995648</integer>
                    <integer>25996376</integer>
                    <integer>37093040</integer>
                </array>
            <key>ReturnAddress</key>
                <integer>11132538</integer>
            </map>
            <map>
            <key>CallOffset</key>
                <integer>5729345</integer>
            <key>ModuleAddress</key>
                <integer>4194304</integer>
            <key>ModuleName</key>
                <string>c:\Dev\linden\indra\build-vc80\newview\release\secondlife-bin.exe</string>
            <key>Parameters</key>
                <array>
                    <integer>1588886548</integer>
                    <integer>-1633282646</integer>
                    <integer>69913116</integer>
                    <integer>1</integer>
                    <integer>63680264</integer>
                </array>
            <key>ReturnAddress</key>
                <integer>9923649</integer>
            </map>
            <map>
            <key>CallOffset</key>
                <integer>6616</integer>
            <key>ModuleAddress</key>
                <integer>1925316608</integer>
            <key>ModuleName</key>
                <string>C:\Windows\WinSxS\x86_microsoft.vc80.crt_1fc8b3b9a1e18e3b_8.0.50727.4927_none_d08a205e442db5b5\MSVCR80.dll</string>
            <key>Parameters</key>
                <array>
                    <integer>1588651831</integer>
                    <integer>26817912</integer>
                    <integer>1662547</integer>
                    <integer>0</integer>
                    <integer>69913116</integer>
                </array>
            <key>ReturnAddress</key>
                <integer>1925323224</integer>
            </map>
            <map>
            <key>CallOffset</key>
                <integer>6731</integer>
            <key>ModuleAddress</key>
                <integer>1925316608</integer>
            <key>ModuleName</key>
                <string>C:\Windows\WinSxS\x86_microsoft.vc80.crt_1fc8b3b9a1e18e3b_8.0.50727.4927_none_d08a205e442db5b5\MSVCR80.dll</string>
            <key>Parameters</key>
                <array>
                    <integer>0</integer>
                    <integer>0</integer>
                    <integer>0</integer>
                    <integer>14625261</integer>
                    <integer>0</integer>
                </array>
            <key>ReturnAddress</key>
                <integer>1925323339</integer>
            </map>
            <map>
            <key>CallOffset</key>
                <integer>79479</integer>
            <key>ModuleAddress</key>
                <integer>1971060736</integer>
            <key>ModuleName</key>
                <string>C:\Windows\syswow64\kernel32.dll</string>
            <key>Parameters</key>
                <array>
                    <integer>2130567168</integer>
                    <integer>37093332</integer>
                    <integer>2003344754</integer>
                    <integer>2130567168</integer>
                    <integer>1947319565</integer>
                </array>
            <key>ReturnAddress</key>
                <integer>1971140215</integer>
            </map>
            <map>
            <key>CallOffset</key>
                <integer>236914</integer>
            <key>ModuleAddress</key>
                <integer>2003107840</integer>
            <key>ModuleName</key>
                <string>C:\Windows\SysWOW64\ntdll.dll</string>
            <key>Parameters</key>
                <array>
                    <integer>2130567168</integer>
                    <integer>1947319565</integer>
                    <integer>0</integer>
                    <integer>0</integer>
                    <integer>2130567168</integer>
                </array>
            <key>ReturnAddress</key>
                <integer>2003344754</integer>
            </map>
            <map>
            <key>CallOffset</key>
                <integer>236869</integer>
            <key>ModuleAddress</key>
                <integer>2003107840</integer>
            <key>ModuleName</key>
                <string>C:\Windows\SysWOW64\ntdll.dll</string>
            <key>Parameters</key>
                <array>
                    <integer>14625713</integer>
                    <integer>2130567168</integer>
                    <integer>0</integer>
                    <integer>0</integer>
                    <integer>0</integer>
                </array>
            <key>ReturnAddress</key>
                <integer>2003344709</integer>
            </map>
        </array>
    <key>EbpUsed</key>
        <boolean>1</boolean>
    <key>HeuristicWalkI</key>
        <integer>0</integer>
    <key>Threads</key>
        <map>
        <key>ID 4084</key>
            <map>
            <key>CallStack</key>
                <array>
                    <map>
                    <key>CallOffset</key>
                        <integer>71213</integer>
                    <key>ModuleAddress</key>
                        <integer>1971060736</integer>
                    <key>ModuleName</key>
                        <string>C:\Windows\syswow64\kernel32.dll</string>
                    <key>Parameters</key>
                        <array>
                            <integer>228785660</integer>
                            <integer>228785776</integer>
                            <integer>0</integer>
                            <integer>-1</integer>
                            <integer>0</integer>
                        </array>
                    <key>ReturnAddress</key>
                        <integer>1971131949</integer>
                    </map>
                    <map>
                    <key>CallOffset</key>
                        <integer>132058</integer>
                    <key>ModuleAddress</key>
                        <integer>1965162496</integer>
                    <key>ModuleName</key>
                        <string>C:\Windows\syswow64\USER32.dll</string>
                    <key>Parameters</key>
                        <array>
                            <integer>6</integer>
                            <integer>2130567168</integer>
                            <integer>0</integer>
                            <integer>-1</integer>
                            <integer>0</integer>
                        </array>
                    <key>ReturnAddress</key>
                        <integer>1965294554</integer>
                    </map>
                    <map>
                    <key>CallOffset</key>
                        <integer>132718</integer>
                    <key>ModuleAddress</key>
                        <integer>1965162496</integer>
                    <key>ModuleName</key>
                        <string>C:\Windows\syswow64\USER32.dll</string>
                    <key>Parameters</key>
                        <array>
                            <integer>904</integer>
                            <integer>228786016</integer>
                            <integer>-1</integer>
                            <integer>1279</integer>
                            <integer>0</integer>
                        </array>
                    <key>ReturnAddress</key>
                        <integer>1965295214</integer>
                    </map>
                    <map>
                    <key>CallOffset</key>
                        <integer>6028756</integer>
                    <key>ModuleAddress</key>
                        <integer>1766850560</integer>
                    <key>ModuleName</key>
                        <string>C:\Windows\system32\nvoglv32.DLL</string>
                    <key>Parameters</key>
                        <array>
                            <integer>5</integer>
                            <integer>228786016</integer>
                            <integer>0</integer>
                            <integer>-1</integer>
                            <integer>1279</integer>
                        </array>
                    <key>ReturnAddress</key>
                        <integer>1772879316</integer>
                    </map>
                    <map>
                    <key>CallOffset</key>
                        <integer>79479</integer>
                    <key>ModuleAddress</key>
                        <integer>1971060736</integer>
                    <key>ModuleName</key>
                        <string>C:\Windows\syswow64\kernel32.dll</string>
                    <key>Parameters</key>
                        <array>
                            <integer>0</integer>
                            <integer>228786132</integer>
                            <integer>2003344754</integer>
                            <integer>0</integer>
                            <integer>2072427789</integer>
                        </array>
                    <key>ReturnAddress</key>
                        <integer>1971140215</integer>
                    </map>
                    <map>
                    <key>CallOffset</key>
                        <integer>236914</integer>
                    <key>ModuleAddress</key>
                        <integer>2003107840</integer>
                    <key>ModuleName</key>
                        <string>C:\Windows\SysWOW64\ntdll.dll</string>
                    <key>Parameters</key>
                        <array>
                            <integer>0</integer>
                            <integer>2072427789</integer>
                            <integer>0</integer>
                            <integer>0</integer>
                            <integer>0</integer>
                        </array>
                    <key>ReturnAddress</key>
                        <integer>2003344754</integer>
                    </map>
                    <map>
                    <key>CallOffset</key>
                        <integer>236869</integer>
                    <key>ModuleAddress</key>
                        <integer>2003107840</integer>
                    <key>ModuleName</key>
                        <string>C:\Windows\SysWOW64\ntdll.dll</string>
                    <key>Parameters</key>
                        <array>
                            <integer>1772879136</integer>
                            <integer>0</integer>
                            <integer>0</integer>
                            <integer>0</integer>
                            <integer>0</integer>
                        </array>
                    <key>ReturnAddress</key>
                        <integer>2003344709</integer>
                    </map>
                </array>
            <key>EbpUsed</key>
                <boolean>1</boolean>
            <key>HeuristicWalkI</key>
                <integer>0</integer>
            </map>
        <key>ID 4328</key>
            <map>
            <key>CallStack</key>
                <array>
                    <map>
                    <key>CallOffset</key>
                        <integer>70020</integer>
                    <key>ModuleAddress</key>
                        <integer>1971060736</integer>
                    <key>ModuleName</key>
                        <string>C:\Windows\syswow64\kernel32.dll</string>
                    <key>Parameters</key>
                        <array>
                            <integer>1252</integer>
                            <integer>100</integer>
                            <integer>0</integer>
                            <integer>2052032</integer>
                            <integer>238812984</integer>
                        </array>
                    <key>ReturnAddress</key>
                        <integer>1971130756</integer>
                    </map>
                    <map>
                    <key>CallOffset</key>
                        <integer>69944</integer>
                    <key>ModuleAddress</key>
                        <integer>1971060736</integer>
                    <key>ModuleName</key>
                        <string>C:\Windows\syswow64\kernel32.dll</string>
                    <key>Parameters</key>
                        <array>
                            <integer>1252</integer>
                            <integer>100</integer>
                            <integer>0</integer>
                            <integer>238813000</integer>
                            <integer>1772897233</integer>
                        </array>
                    <key>ReturnAddress</key>
                        <integer>1971130680</integer>
                    </map>
                    <map>
                    <key>CallOffset</key>
                        <integer>6046673</integer>
                    <key>ModuleAddress</key>
                        <integer>1766850560</integer>
                    <key>ModuleName</key>
                        <string>C:\Windows\system32\nvoglv32.DLL</string>
                    <key>Parameters</key>
                        <array>
                            <integer>1252</integer>
                            <integer>100</integer>
                            <integer>238813036</integer>
                            <integer>1772416784</integer>
                            <integer>1252</integer>
                        </array>
                    <key>ReturnAddress</key>
                        <integer>1772897233</integer>
                    </map>
                    <map>
                    <key>CallOffset</key>
                        <integer>5566224</integer>
                    <key>ModuleAddress</key>
                        <integer>1766850560</integer>
                    <key>ModuleName</key>
                        <string>C:\Windows\system32\nvoglv32.DLL</string>
                    <key>Parameters</key>
                        <array>
                            <integer>1252</integer>
                            <integer>100</integer>
                            <integer>2064240</integer>
                            <integer>2051968</integer>
                            <integer>2064240</integer>
                        </array>
                    <key>ReturnAddress</key>
                        <integer>1772416784</integer>
                    </map>
                    <map>
                    <key>CallOffset</key>
                        <integer>5568749</integer>
                    <key>ModuleAddress</key>
                        <integer>1766850560</integer>
                    <key>ModuleName</key>
                        <string>C:\Windows\system32\nvoglv32.DLL</string>
                    <key>Parameters</key>
                        <array>
                            <integer>0</integer>
                            <integer>0</integer>
                            <integer>238813064</integer>
                            <integer>1772896281</integer>
                            <integer>2064240</integer>
                        </array>
                    <key>ReturnAddress</key>
                        <integer>1772419309</integer>
                    </map>
                    <map>
                    <key>CallOffset</key>
                        <integer>6045721</integer>
                    <key>ModuleAddress</key>
                        <integer>1766850560</integer>
                    <key>ModuleName</key>
                        <string>C:\Windows\system32\nvoglv32.DLL</string>
                    <key>Parameters</key>
                        <array>
                            <integer>2064240</integer>
                            <integer>238813076</integer>
                            <integer>1971140215</integer>
                            <integer>2064240</integer>
                            <integer>238813140</integer>
                        </array>
                    <key>ReturnAddress</key>
                        <integer>1772896281</integer>
                    </map>
                    <map>
                    <key>CallOffset</key>
                        <integer>79479</integer>
                    <key>ModuleAddress</key>
                        <integer>1971060736</integer>
                    <key>ModuleName</key>
                        <string>C:\Windows\syswow64\kernel32.dll</string>
                    <key>Parameters</key>
                        <array>
                            <integer>2064240</integer>
                            <integer>238813140</integer>
                            <integer>2003344754</integer>
                            <integer>2064240</integer>
                            <integer>2015345933</integer>
                        </array>
                    <key>ReturnAddress</key>
                        <integer>1971140215</integer>
                    </map>
                    <map>
                    <key>CallOffset</key>
                        <integer>236914</integer>
                    <key>ModuleAddress</key>
                        <integer>2003107840</integer>
                    <key>ModuleName</key>
                        <string>C:\Windows\SysWOW64\ntdll.dll</string>
                    <key>Parameters</key>
                        <array>
                            <integer>2064240</integer>
                            <integer>2015345933</integer>
                            <integer>0</integer>
                            <integer>0</integer>
                            <integer>2064240</integer>
                        </array>
                    <key>ReturnAddress</key>
                        <integer>2003344754</integer>
                    </map>
                    <map>
                    <key>CallOffset</key>
                        <integer>236869</integer>
                    <key>ModuleAddress</key>
                        <integer>2003107840</integer>
                    <key>ModuleName</key>
                        <string>C:\Windows\SysWOW64\ntdll.dll</string>
                    <key>Parameters</key>
                        <array>
                            <integer>1772896272</integer>
                            <integer>2064240</integer>
                            <integer>0</integer>
                            <integer>0</integer>
                            <integer>0</integer>
                        </array>
                    <key>ReturnAddress</key>
                        <integer>2003344709</integer>
                    </map>
                </array>
            <key>EbpUsed</key>
                <boolean>1</boolean>
            <key>HeuristicWalkI</key>
                <integer>0</integer>
            </map>
        <key>ID 4452</key>
            <map>
            <key>CallStack</key>
                <array>
                    <map>
                    <key>CallOffset</key>
                        <integer>79136</integer>
                    <key>ModuleAddress</key>
                        <integer>1974206464</integer>
                    <key>ModuleName</key>
                        <string>C:\Windows\syswow64\KERNELBASE.dll</string>
                    <key>Parameters</key>
                        <array>
                            <integer>10</integer>
                            <integer>0</integer>
                            <integer>2</integer>
                            <integer>268510717</integer>
                            <integer>10</integer>
                        </array>
                    <key>ReturnAddress</key>
                        <integer>1974285600</integer>
                    </map>
                    <map>
                    <key>CallOffset</key>
                        <integer>75261</integer>
                    <key>ModuleAddress</key>
                        <integer>268435456</integer>
                    <key>ModuleName</key>
                        <string>C:\Dev\linden\indra\newview\fmod.dll</string>
                    <key>Parameters</key>
                        <array>
                            <integer>10</integer>
                            <integer>268512054</integer>
                            <integer>10</integer>
                            <integer>429916052</integer>
                            <integer>0</integer>
                        </array>
                    <key>ReturnAddress</key>
                        <integer>268510717</integer>
                    </map>
                    <map>
                    <key>CallOffset</key>
                        <integer>76598</integer>
                    <key>ModuleAddress</key>
                        <integer>268435456</integer>
                    <key>ModuleName</key>
                        <string>C:\Dev\linden\indra\newview\fmod.dll</string>
                    <key>Parameters</key>
                        <array>
                            <integer>10</integer>
                            <integer>429916052</integer>
                            <integer>0</integer>
                            <integer>0</integer>
                            <integer>0</integer>
                        </array>
                    <key>ReturnAddress</key>
                        <integer>268512054</integer>
                    </map>
                    <map>
                    <key>CallOffset</key>
                        <integer>79479</integer>
                    <key>ModuleAddress</key>
                        <integer>1971060736</integer>
                    <key>ModuleName</key>
                        <string>C:\Windows\syswow64\kernel32.dll</string>
                    <key>Parameters</key>
                        <array>
                            <integer>0</integer>
                            <integer>429916116</integer>
                            <integer>2003344754</integer>
                            <integer>0</integer>
                            <integer>1874574605</integer>
                        </array>
                    <key>ReturnAddress</key>
                        <integer>1971140215</integer>
                    </map>
                    <map>
                    <key>CallOffset</key>
                        <integer>236914</integer>
                    <key>ModuleAddress</key>
                        <integer>2003107840</integer>
                    <key>ModuleName</key>
                        <string>C:\Windows\SysWOW64\ntdll.dll</string>
                    <key>Parameters</key>
                        <array>
                            <integer>0</integer>
                            <integer>1874574605</integer>
                            <integer>0</integer>
                            <integer>0</integer>
                            <integer>0</integer>
                        </array>
                    <key>ReturnAddress</key>
                        <integer>2003344754</integer>
                    </map>
                    <map>
                    <key>CallOffset</key>
                        <integer>236869</integer>
                    <key>ModuleAddress</key>
                        <integer>2003107840</integer>
                    <key>ModuleName</key>
                        <string>C:\Windows\SysWOW64\ntdll.dll</string>
                    <key>Parameters</key>
                        <array>
                            <integer>268511848</integer>
                            <integer>0</integer>
                            <integer>0</integer>
                            <integer>0</integer>
                            <integer>0</integer>
                        </array>
                    <key>ReturnAddress</key>
                        <integer>2003344709</integer>
                    </map>
                    <map>
                    <key>CallOffset</key>
                        <integer>236869</integer>
                    <key>ModuleAddress</key>
                        <integer>2003107840</integer>
                    <key>ModuleName</key>
                        <string>C:\Windows\SysWOW64\ntdll.dll</string>
                    <key>Parameters</key>
                        <array>
                            <integer>268511848</integer>
                            <integer>0</integer>
                            <integer>0</integer>
                            <integer>0</integer>
                            <integer>0</integer>
                        </array>
                    <key>ReturnAddress</key>
                        <integer>2003344709</integer>
                    </map>
                    <map>
                    <key>CallOffset</key>
                        <integer>236869</integer>
                    <key>ModuleAddress</key>
                        <integer>2003107840</integer>
                    <key>ModuleName</key>
                        <string>C:\Windows\SysWOW64\ntdll.dll</string>
                    <key>Parameters</key>
                        <array>
                            <integer>268511848</integer>
                            <integer>0</integer>
                            <integer>0</integer>
                            <integer>0</integer>
                            <integer>0</integer>
                        </array>
                    <key>ReturnAddress</key>
                        <integer>2003344709</integer>
                    </map>
                    <map>
                    <key>CallOffset</key>
                        <integer>236869</integer>
                    <key>ModuleAddress</key>
                        <integer>2003107840</integer>
                    <key>ModuleName</key>
                        <string>C:\Windows\SysWOW64\ntdll.dll</string>
                    <key>Parameters</key>
                        <array>
                            <integer>268511848</integer>
                            <integer>0</integer>
                            <integer>0</integer>
                            <integer>0</integer>
                            <integer>0</integer>
                        </array>
                    <key>ReturnAddress</key>
                        <integer>2003344709</integer>
                    </map>
                    <map>
                    <key>CallOffset</key>
                        <integer>236869</integer>
                    <key>ModuleAddress</key>
                        <integer>2003107840</integer>
                    <key>ModuleName</key>
                        <string>C:\Windows\SysWOW64\ntdll.dll</string>
                    <key>Parameters</key>
                        <array>
                            <integer>268511848</integer>
                            <integer>0</integer>
                            <integer>0</integer>
                            <integer>0</integer>
                            <integer>0</integer>
                        </array>
                    <key>ReturnAddress</key>
                        <integer>2003344709</integer>
                    </map>
                    <map>
                    <key>CallOffset</key>
                        <integer>236869</integer>
                    <key>ModuleAddress</key>
                        <integer>2003107840</integer>
                    <key>ModuleName</key>
                        <string>C:\Windows\SysWOW64\ntdll.dll</string>
                    <key>Parameters</key>
                        <array>
                            <integer>268511848</integer>
                            <integer>0</integer>
                            <integer>0</integer>
                            <integer>0</integer>
                            <integer>0</integer>
                        </array>
                    <key>ReturnAddress</key>
                        <integer>2003344709</integer>
                    </map>
                    <map>
                    <key>CallOffset</key>
                        <integer>236869</integer>
                    <key>ModuleAddress</key>
                        <integer>2003107840</integer>
                    <key>ModuleName</key>
                        <string>C:\Windows\SysWOW64\ntdll.dll</string>
                    <key>Parameters</key>
                        <array>
                            <integer>268511848</integer>
                            <integer>0</integer>
                            <integer>0</integer>
                            <integer>0</integer>
                            <integer>0</integer>
                        </array>
                    <key>ReturnAddress</key>
                        <integer>2003344709</integer>
                    </map>
                    <map>
                    <key>CallOffset</key>
                        <integer>236869</integer>
                    <key>ModuleAddress</key>
                        <integer>2003107840</integer>
                    <key>ModuleName</key>
                        <string>C:\Windows\SysWOW64\ntdll.dll</string>
                    <key>Parameters</key>
                        <array>
                            <integer>268511848</integer>
                            <integer>0</integer>
                            <integer>0</integer>
                            <integer>0</integer>
                            <integer>0</integer>
                        </array>
                    <key>ReturnAddress</key>
                        <integer>2003344709</integer>
                    </map>
                    <map>
                    <key>CallOffset</key>
                        <integer>236869</integer>
                    <key>ModuleAddress</key>
                        <integer>2003107840</integer>
                    <key>ModuleName</key>
                        <string>C:\Windows\SysWOW64\ntdll.dll</string>
                    <key>Parameters</key>
                        <array>
                            <integer>268511848</integer>
                            <integer>0</integer>
                            <integer>0</integer>
                            <integer>0</integer>
                            <integer>0</integer>
                        </array>
                    <key>ReturnAddress</key>
                        <integer>2003344709</integer>
                    </map>
                    <map>
                    <key>CallOffset</key>
                        <integer>236869</integer>
                    <key>ModuleAddress</key>
                        <integer>2003107840</integer>
                    <key>ModuleName</key>
                        <string>C:\Windows\SysWOW64\ntdll.dll</string>
                    <key>Parameters</key>
                        <array>
                            <integer>268511848</integer>
                            <integer>0</integer>
                            <integer>0</integer>
                            <integer>0</integer>
                            <integer>0</integer>
                        </array>
                    <key>ReturnAddress</key>
                        <integer>2003344709</integer>
                    </map>
                    <map>
                    <key>CallOffset</key>
                        <integer>236869</integer>
                    <key>ModuleAddress</key>
                        <integer>2003107840</integer>
                    <key>ModuleName</key>
                        <string>C:\Windows\SysWOW64\ntdll.dll</string>
                    <key>Parameters</key>
                        <array>
                            <integer>268511848</integer>
                            <integer>0</integer>
                            <integer>0</integer>
                            <integer>0</integer>
                            <integer>0</integer>
                        </array>
                    <key>ReturnAddress</key>
                        <integer>2003344709</integer>
                    </map>
                    <map>
                    <key>CallOffset</key>
                        <integer>236869</integer>
                    <key>ModuleAddress</key>
                        <integer>2003107840</integer>
                    <key>ModuleName</key>
                        <string>C:\Windows\SysWOW64\ntdll.dll</string>
                    <key>Parameters</key>
                        <array>
                            <integer>268511848</integer>
                            <integer>0</integer>
                            <integer>0</integer>
                            <integer>0</integer>
                            <integer>0</integer>
                        </array>
                    <key>ReturnAddress</key>
                        <integer>2003344709</integer>
                    </map>
                    <map>
                    <key>CallOffset</key>
                        <integer>236869</integer>
                    <key>ModuleAddress</key>
                        <integer>2003107840</integer>
                    <key>ModuleName</key>
                        <string>C:\Windows\SysWOW64\ntdll.dll</string>
                    <key>Parameters</key>
                        <array>
                            <integer>268511848</integer>
                            <integer>0</integer>
                            <integer>0</integer>
                            <integer>0</integer>
                            <integer>0</integer>
                        </array>
                    <key>ReturnAddress</key>
                        <integer>2003344709</integer>
                    </map>
                    <map>
                    <key>CallOffset</key>
                        <integer>236869</integer>
                    <key>ModuleAddress</key>
                        <integer>2003107840</integer>
                    <key>ModuleName</key>
                        <string>C:\Windows\SysWOW64\ntdll.dll</string>
                    <key>Parameters</key>
                        <array>
                            <integer>268511848</integer>
                            <integer>0</integer>
                            <integer>0</integer>
                            <integer>0</integer>
                            <integer>0</integer>
                        </array>
                    <key>ReturnAddress</key>
                        <integer>2003344709</integer>
                    </map>
                    <map>
                    <key>CallOffset</key>
                        <integer>236869</integer>
                    <key>ModuleAddress</key>
                        <integer>2003107840</integer>
                    <key>ModuleName</key>
                        <string>C:\Windows\SysWOW64\ntdll.dll</string>
                    <key>Parameters</key>
                        <array>
                            <integer>268511848</integer>
                            <integer>0</integer>
                            <integer>0</integer>
                            <integer>0</integer>
                            <integer>0</integer>
                        </array>
                    <key>ReturnAddress</key>
                        <integer>2003344709</integer>
                    </map>
                </array>
            <key>EbpUsed</key>
                <boolean>0</boolean>
            <key>HeuristicWalkI</key>
                <integer>20</integer>
            </map>
        <key>ID 4956</key>
            <map>
            <key>CallStack</key>
                <array>
                    <map>
                    <key>CallOffset</key>
                        <integer>71213</integer>
                    <key>ModuleAddress</key>
                        <integer>1971060736</integer>
                    <key>ModuleName</key>
                        <string>C:\Windows\syswow64\kernel32.dll</string>
                    <key>Parameters</key>
                        <array>
                            <integer>399834772</integer>
                            <integer>399834888</integer>
                            <integer>0</integer>
                            <integer>-1</integer>
                            <integer>0</integer>
                        </array>
                    <key>ReturnAddress</key>
                        <integer>1971131949</integer>
                    </map>
                    <map>
                    <key>CallOffset</key>
                        <integer>71969</integer>
                    <key>ModuleAddress</key>
                        <integer>1971060736</integer>
                    <key>ModuleName</key>
                        <string>C:\Windows\syswow64\kernel32.dll</string>
                    <key>Parameters</key>
                        <array>
                            <integer>2</integer>
                            <integer>2130567168</integer>
                            <integer>0</integer>
                            <integer>-1</integer>
                            <integer>0</integer>
                        </array>
                    <key>ReturnAddress</key>
                        <integer>1971132705</integer>
                    </map>
                    <map>
                    <key>CallOffset</key>
                        <integer>17024</integer>
                    <key>ModuleAddress</key>
                        <integer>1889271808</integer>
                    <key>ModuleName</key>
                        <string>C:\Windows\system32\dsound.dll</string>
                    <key>Parameters</key>
                        <array>
                            <integer>2</integer>
                            <integer>68876316</integer>
                            <integer>0</integer>
                            <integer>-1</integer>
                            <integer>68876312</integer>
                        </array>
                    <key>ReturnAddress</key>
                        <integer>1889288832</integer>
                    </map>
                    <map>
                    <key>CallOffset</key>
                        <integer>20419</integer>
                    <key>ModuleAddress</key>
                        <integer>1889271808</integer>
                    <key>ModuleName</key>
                        <string>C:\Windows\system32\dsound.dll</string>
                    <key>Parameters</key>
                        <array>
                            <integer>0</integer>
                            <integer>0</integer>
                            <integer>68876300</integer>
                            <integer>399835028</integer>
                            <integer>1971140215</integer>
                        </array>
                    <key>ReturnAddress</key>
                        <integer>1889292227</integer>
                    </map>
                    <map>
                    <key>CallOffset</key>
                        <integer>79479</integer>
                    <key>ModuleAddress</key>
                        <integer>1971060736</integer>
                    <key>ModuleName</key>
                        <string>C:\Windows\syswow64\kernel32.dll</string>
                    <key>Parameters</key>
                        <array>
                            <integer>68876300</integer>
                            <integer>399835092</integer>
                            <integer>2003344754</integer>
                            <integer>68876300</integer>
                            <integer>1643166989</integer>
                        </array>
                    <key>ReturnAddress</key>
                        <integer>1971140215</integer>
                    </map>
                    <map>
                    <key>CallOffset</key>
                        <integer>236914</integer>
                    <key>ModuleAddress</key>
                        <integer>2003107840</integer>
                    <key>ModuleName</key>
                        <string>C:\Windows\SysWOW64\ntdll.dll</string>
                    <key>Parameters</key>
                        <array>
                            <integer>68876300</integer>
                            <integer>1643166989</integer>
                            <integer>0</integer>
                            <integer>0</integer>
                            <integer>68876300</integer>
                        </array>
                    <key>ReturnAddress</key>
                        <integer>2003344754</integer>
                    </map>
                    <map>
                    <key>CallOffset</key>
                        <integer>236869</integer>
                    <key>ModuleAddress</key>
                        <integer>2003107840</integer>
                    <key>ModuleName</key>
                        <string>C:\Windows\SysWOW64\ntdll.dll</string>
                    <key>Parameters</key>
                        <array>
                            <integer>1889292189</integer>
                            <integer>68876300</integer>
                            <integer>0</integer>
                            <integer>0</integer>
                            <integer>0</integer>
                        </array>
                    <key>ReturnAddress</key>
                        <integer>2003344709</integer>
                    </map>
                </array>
            <key>EbpUsed</key>
                <boolean>1</boolean>
            <key>HeuristicWalkI</key>
                <integer>0</integer>
            </map>
        <key>ID 5396</key>
            <map>
            <key>CallStack</key>
                <array>
                    <map>
                    <key>CallOffset</key>
                        <integer>79479</integer>
                    <key>ModuleAddress</key>
                        <integer>1971060736</integer>
                    <key>ModuleName</key>
                        <string>C:\Windows\syswow64\kernel32.dll</string>
                    <key>Parameters</key>
                        <array>
                            <integer>2167736</integer>
                            <integer>995557332</integer>
                            <integer>2003344754</integer>
                            <integer>2167736</integer>
                            <integer>1299365133</integer>
                        </array>
                    <key>ReturnAddress</key>
                        <integer>1971140215</integer>
                    </map>
                    <map>
                    <key>CallOffset</key>
                        <integer>236914</integer>
                    <key>ModuleAddress</key>
                        <integer>2003107840</integer>
                    <key>ModuleName</key>
                        <string>C:\Windows\SysWOW64\ntdll.dll</string>
                    <key>Parameters</key>
                        <array>
                            <integer>2167736</integer>
                            <integer>1299365133</integer>
                            <integer>0</integer>
                            <integer>0</integer>
                            <integer>2167736</integer>
                        </array>
                    <key>ReturnAddress</key>
                        <integer>2003344754</integer>
                    </map>
                    <map>
                    <key>CallOffset</key>
                        <integer>236869</integer>
                    <key>ModuleAddress</key>
                        <integer>2003107840</integer>
                    <key>ModuleName</key>
                        <string>C:\Windows\SysWOW64\ntdll.dll</string>
                    <key>Parameters</key>
                        <array>
                            <integer>2003512465</integer>
                            <integer>2167736</integer>
                            <integer>0</integer>
                            <integer>0</integer>
                            <integer>0</integer>
                        </array>
                    <key>ReturnAddress</key>
                        <integer>2003344709</integer>
                    </map>
                </array>
            <key>EbpUsed</key>
                <boolean>1</boolean>
            <key>HeuristicWalkI</key>
                <integer>0</integer>
            </map>
        <key>ID 5416</key>
            <map>
            <key>CallStack</key>
                <array>
                    <map>
                    <key>CallOffset</key>
                        <integer>71213</integer>
                    <key>ModuleAddress</key>
                        <integer>1971060736</integer>
                    <key>ModuleName</key>
                        <string>C:\Windows\syswow64\kernel32.dll</string>
                    <key>Parameters</key>
                        <array>
                            <integer>350420336</integer>
                            <integer>350420452</integer>
                            <integer>0</integer>
                            <integer>-1</integer>
                            <integer>0</integer>
                        </array>
                    <key>ReturnAddress</key>
                        <integer>1971131949</integer>
                    </map>
                    <map>
                    <key>CallOffset</key>
                        <integer>71969</integer>
                    <key>ModuleAddress</key>
                        <integer>1971060736</integer>
                    <key>ModuleName</key>
                        <string>C:\Windows\syswow64\kernel32.dll</string>
                    <key>Parameters</key>
                        <array>
                            <integer>1</integer>
                            <integer>2130567168</integer>
                            <integer>0</integer>
                            <integer>-1</integer>
                            <integer>0</integer>
                        </array>
                    <key>ReturnAddress</key>
                        <integer>1971132705</integer>
                    </map>
                    <map>
                    <key>CallOffset</key>
                        <integer>4826</integer>
                    <key>ModuleAddress</key>
                        <integer>1889271808</integer>
                    <key>ModuleName</key>
                        <string>C:\Windows\system32\dsound.dll</string>
                    <key>Parameters</key>
                        <array>
                            <integer>1</integer>
                            <integer>350420568</integer>
                            <integer>0</integer>
                            <integer>-1</integer>
                            <integer>350420824</integer>
                        </array>
                    <key>ReturnAddress</key>
                        <integer>1889276634</integer>
                    </map>
                    <map>
                    <key>CallOffset</key>
                        <integer>11795</integer>
                    <key>ModuleAddress</key>
                        <integer>1889271808</integer>
                    <key>ModuleName</key>
                        <string>C:\Windows\system32\dsound.dll</string>
                    <key>Parameters</key>
                        <array>
                            <integer>1</integer>
                            <integer>-1</integer>
                            <integer>0</integer>
                            <integer>350420568</integer>
                            <integer>68821312</integer>
                        </array>
                    <key>ReturnAddress</key>
                        <integer>1889283603</integer>
                    </map>
                    <map>
                    <key>CallOffset</key>
                        <integer>189593</integer>
                    <key>ModuleAddress</key>
                        <integer>1889271808</integer>
                    <key>ModuleName</key>
                        <string>C:\Windows\system32\dsound.dll</string>
                    <key>Parameters</key>
                        <array>
                            <integer>-1</integer>
                            <integer>0</integer>
                            <integer>0</integer>
                            <integer>0</integer>
                            <integer>1889282478</integer>
                        </array>
                    <key>ReturnAddress</key>
                        <integer>1889461401</integer>
                    </map>
                    <map>
                    <key>CallOffset</key>
                        <integer>79479</integer>
                    <key>ModuleAddress</key>
                        <integer>1971060736</integer>
                    <key>ModuleName</key>
                        <string>C:\Windows\syswow64\kernel32.dll</string>
                    <key>Parameters</key>
                        <array>
                            <integer>68821312</integer>
                            <integer>350420948</integer>
                            <integer>2003344754</integer>
                            <integer>68821312</integer>
                            <integer>1657191693</integer>
                        </array>
                    <key>ReturnAddress</key>
                        <integer>1971140215</integer>
                    </map>
                    <map>
                    <key>CallOffset</key>
                        <integer>236914</integer>
                    <key>ModuleAddress</key>
                        <integer>2003107840</integer>
                    <key>ModuleName</key>
                        <string>C:\Windows\SysWOW64\ntdll.dll</string>
                    <key>Parameters</key>
                        <array>
                            <integer>68821312</integer>
                            <integer>1657191693</integer>
                            <integer>0</integer>
                            <integer>0</integer>
                            <integer>68821312</integer>
                        </array>
                    <key>ReturnAddress</key>
                        <integer>2003344754</integer>
                    </map>
                    <map>
                    <key>CallOffset</key>
                        <integer>236869</integer>
                    <key>ModuleAddress</key>
                        <integer>2003107840</integer>
                    <key>ModuleName</key>
                        <string>C:\Windows\SysWOW64\ntdll.dll</string>
                    <key>Parameters</key>
                        <array>
                            <integer>1889461409</integer>
                            <integer>68821312</integer>
                            <integer>0</integer>
                            <integer>0</integer>
                            <integer>0</integer>
                        </array>
                    <key>ReturnAddress</key>
                        <integer>2003344709</integer>
                    </map>
                </array>
            <key>EbpUsed</key>
                <boolean>1</boolean>
            <key>HeuristicWalkI</key>
                <integer>0</integer>
            </map>
        <key>ID 5448</key>
            <map>
            <key>CallStack</key>
                <array>
                    <map>
                    <key>CallOffset</key>
                        <integer>79479</integer>
                    <key>ModuleAddress</key>
                        <integer>1971060736</integer>
                    <key>ModuleName</key>
                        <string>C:\Windows\syswow64\kernel32.dll</string>
                    <key>Parameters</key>
                        <array>
                            <integer>2167736</integer>
                            <integer>192413652</integer>
                            <integer>2003344754</integer>
                            <integer>2167736</integer>
                            <integer>2102639885</integer>
                        </array>
                    <key>ReturnAddress</key>
                        <integer>1971140215</integer>
                    </map>
                    <map>
                    <key>CallOffset</key>
                        <integer>236914</integer>
                    <key>ModuleAddress</key>
                        <integer>2003107840</integer>
                    <key>ModuleName</key>
                        <string>C:\Windows\SysWOW64\ntdll.dll</string>
                    <key>Parameters</key>
                        <array>
                            <integer>2167736</integer>
                            <integer>2102639885</integer>
                            <integer>0</integer>
                            <integer>0</integer>
                            <integer>2167736</integer>
                        </array>
                    <key>ReturnAddress</key>
                        <integer>2003344754</integer>
                    </map>
                    <map>
                    <key>CallOffset</key>
                        <integer>236869</integer>
                    <key>ModuleAddress</key>
                        <integer>2003107840</integer>
                    <key>ModuleName</key>
                        <string>C:\Windows\SysWOW64\ntdll.dll</string>
                    <key>Parameters</key>
                        <array>
                            <integer>2003512465</integer>
                            <integer>2167736</integer>
                            <integer>0</integer>
                            <integer>0</integer>
                            <integer>0</integer>
                        </array>
                    <key>ReturnAddress</key>
                        <integer>2003344709</integer>
                    </map>
                </array>
            <key>EbpUsed</key>
                <boolean>1</boolean>
            <key>HeuristicWalkI</key>
                <integer>0</integer>
            </map>
        <key>ID 5612</key>
            <map>
            <key>CallStack</key>
                <array>
                    <map>
                    <key>CallOffset</key>
                        <integer>79136</integer>
                    <key>ModuleAddress</key>
                        <integer>1974206464</integer>
                    <key>ModuleName</key>
                        <string>C:\Windows\syswow64\KERNELBASE.dll</string>
                    <key>Parameters</key>
                        <array>
                            <integer>10</integer>
                            <integer>0</integer>
                            <integer>439943048</integer>
                            <integer>268510717</integer>
                            <integer>10</integer>
                        </array>
                    <key>ReturnAddress</key>
                        <integer>1974285600</integer>
                    </map>
                    <map>
                    <key>CallOffset</key>
                        <integer>75261</integer>
                    <key>ModuleAddress</key>
                        <integer>268435456</integer>
                    <key>ModuleName</key>
                        <string>C:\Dev\linden\indra\newview\fmod.dll</string>
                    <key>Parameters</key>
                        <array>
                            <integer>10</integer>
                            <integer>268615134</integer>
                            <integer>10</integer>
                            <integer>0</integer>
                            <integer>0</integer>
                        </array>
                    <key>ReturnAddress</key>
                        <integer>268510717</integer>
                    </map>
                    <map>
                    <key>CallOffset</key>
                        <integer>79479</integer>
                    <key>ModuleAddress</key>
                        <integer>1971060736</integer>
                    <key>ModuleName</key>
                        <string>C:\Windows\syswow64\kernel32.dll</string>
                    <key>Parameters</key>
                        <array>
                            <integer>0</integer>
                            <integer>439943124</integer>
                            <integer>2003344754</integer>
                            <integer>0</integer>
                            <integer>1813822733</integer>
                        </array>
                    <key>ReturnAddress</key>
                        <integer>1971140215</integer>
                    </map>
                    <map>
                    <key>CallOffset</key>
                        <integer>236914</integer>
                    <key>ModuleAddress</key>
                        <integer>2003107840</integer>
                    <key>ModuleName</key>
                        <string>C:\Windows\SysWOW64\ntdll.dll</string>
                    <key>Parameters</key>
                        <array>
                            <integer>0</integer>
                            <integer>1813822733</integer>
                            <integer>0</integer>
                            <integer>0</integer>
                            <integer>0</integer>
                        </array>
                    <key>ReturnAddress</key>
                        <integer>2003344754</integer>
                    </map>
                    <map>
                    <key>CallOffset</key>
                        <integer>236869</integer>
                    <key>ModuleAddress</key>
                        <integer>2003107840</integer>
                    <key>ModuleName</key>
                        <string>C:\Windows\SysWOW64\ntdll.dll</string>
                    <key>Parameters</key>
                        <array>
                            <integer>268615014</integer>
                            <integer>0</integer>
                            <integer>0</integer>
                            <integer>0</integer>
                            <integer>0</integer>
                        </array>
                    <key>ReturnAddress</key>
                        <integer>2003344709</integer>
                    </map>
                </array>
            <key>EbpUsed</key>
                <boolean>1</boolean>
            <key>HeuristicWalkI</key>
                <integer>0</integer>
            </map>
        <key>ID 5780</key>
            <map>
            <key>CallStack</key>
                <array>
                    <map>
                    <key>CallOffset</key>
                        <integer>79479</integer>
                    <key>ModuleAddress</key>
                        <integer>1971060736</integer>
                    <key>ModuleName</key>
                        <string>C:\Windows\syswow64\kernel32.dll</string>
                    <key>Parameters</key>
                        <array>
                            <integer>2171832</integer>
                            <integer>419889108</integer>
                            <integer>2003344754</integer>
                            <integer>2171832</integer>
                            <integer>1864547597</integer>
                        </array>
                    <key>ReturnAddress</key>
                        <integer>1971140215</integer>
                    </map>
                    <map>
                    <key>CallOffset</key>
                        <integer>236914</integer>
                    <key>ModuleAddress</key>
                        <integer>2003107840</integer>
                    <key>ModuleName</key>
                        <string>C:\Windows\SysWOW64\ntdll.dll</string>
                    <key>Parameters</key>
                        <array>
                            <integer>2171832</integer>
                            <integer>1864547597</integer>
                            <integer>0</integer>
                            <integer>0</integer>
                            <integer>2171832</integer>
                        </array>
                    <key>ReturnAddress</key>
                        <integer>2003344754</integer>
                    </map>
                    <map>
                    <key>CallOffset</key>
                        <integer>236869</integer>
                    <key>ModuleAddress</key>
                        <integer>2003107840</integer>
                    <key>ModuleName</key>
                        <string>C:\Windows\SysWOW64\ntdll.dll</string>
                    <key>Parameters</key>
                        <array>
                            <integer>2003512465</integer>
                            <integer>2171832</integer>
                            <integer>0</integer>
                            <integer>0</integer>
                            <integer>0</integer>
                        </array>
                    <key>ReturnAddress</key>
                        <integer>2003344709</integer>
                    </map>
                </array>
            <key>EbpUsed</key>
                <boolean>1</boolean>
            <key>HeuristicWalkI</key>
                <integer>0</integer>
            </map>
        <key>ID 5844</key>
            <map>
            <key>CallStack</key>
                <array>
                    <map>
                    <key>CallOffset</key>
                        <integer>71213</integer>
                    <key>ModuleAddress</key>
                        <integer>1971060736</integer>
                    <key>ModuleName</key>
                        <string>C:\Windows\syswow64\kernel32.dll</string>
                    <key>Parameters</key>
                        <array>
                            <integer>360447472</integer>
                            <integer>360447588</integer>
                            <integer>0</integer>
                            <integer>-1</integer>
                            <integer>1</integer>
                        </array>
                    <key>ReturnAddress</key>
                        <integer>1971131949</integer>
                    </map>
                    <map>
                    <key>CallOffset</key>
                        <integer>132058</integer>
                    <key>ModuleAddress</key>
                        <integer>1965162496</integer>
                    <key>ModuleName</key>
                        <string>C:\Windows\syswow64\USER32.dll</string>
                    <key>Parameters</key>
                        <array>
                            <integer>1</integer>
                            <integer>2130567168</integer>
                            <integer>0</integer>
                            <integer>-1</integer>
                            <integer>1</integer>
                        </array>
                    <key>ReturnAddress</key>
                        <integer>1965294554</integer>
                    </map>
                    <map>
                    <key>CallOffset</key>
                        <integer>9400</integer>
                    <key>ModuleAddress</key>
                        <integer>1875902464</integer>
                    <key>ModuleName</key>
                        <string>C:\Windows\system32\MMDevAPI.DLL</string>
                    <key>Parameters</key>
                        <array>
                            <integer>2424</integer>
                            <integer>0</integer>
                            <integer>-1</integer>
                            <integer>1279</integer>
                            <integer>6</integer>
                        </array>
                    <key>ReturnAddress</key>
                        <integer>1875911864</integer>
                    </map>
                    <map>
                    <key>CallOffset</key>
                        <integer>12150</integer>
                    <key>ModuleAddress</key>
                        <integer>1875902464</integer>
                    <key>ModuleName</key>
                        <string>C:\Windows\system32\MMDevAPI.DLL</string>
                    <key>Parameters</key>
                        <array>
                            <integer>360447892</integer>
                            <integer>1971140215</integer>
                            <integer>248337032</integer>
                            <integer>360447956</integer>
                            <integer>2003344754</integer>
                        </array>
                    <key>ReturnAddress</key>
                        <integer>1875914614</integer>
                    </map>
                    <map>
                    <key>CallOffset</key>
                        <integer>79479</integer>
                    <key>ModuleAddress</key>
                        <integer>1971060736</integer>
                    <key>ModuleName</key>
                        <string>C:\Windows\syswow64\kernel32.dll</string>
                    <key>Parameters</key>
                        <array>
                            <integer>248337032</integer>
                            <integer>360447956</integer>
                            <integer>2003344754</integer>
                            <integer>248337032</integer>
                            <integer>1667218701</integer>
                        </array>
                    <key>ReturnAddress</key>
                        <integer>1971140215</integer>
                    </map>
                    <map>
                    <key>CallOffset</key>
                        <integer>236914</integer>
                    <key>ModuleAddress</key>
                        <integer>2003107840</integer>
                    <key>ModuleName</key>
                        <string>C:\Windows\SysWOW64\ntdll.dll</string>
                    <key>Parameters</key>
                        <array>
                            <integer>248337032</integer>
                            <integer>1667218701</integer>
                            <integer>0</integer>
                            <integer>0</integer>
                            <integer>248337032</integer>
                        </array>
                    <key>ReturnAddress</key>
                        <integer>2003344754</integer>
                    </map>
                    <map>
                    <key>CallOffset</key>
                        <integer>236869</integer>
                    <key>ModuleAddress</key>
                        <integer>2003107840</integer>
                    <key>ModuleName</key>
                        <string>C:\Windows\SysWOW64\ntdll.dll</string>
                    <key>Parameters</key>
                        <array>
                            <integer>1875914601</integer>
                            <integer>248337032</integer>
                            <integer>0</integer>
                            <integer>0</integer>
                            <integer>0</integer>
                        </array>
                    <key>ReturnAddress</key>
                        <integer>2003344709</integer>
                    </map>
                </array>
            <key>EbpUsed</key>
                <boolean>1</boolean>
            <key>HeuristicWalkI</key>
                <integer>0</integer>
            </map>
        <key>ID 5848</key>
            <map>
            <key>CallStack</key>
                <array>
                    <map>
                    <key>CallOffset</key>
                        <integer>79479</integer>
                    <key>ModuleAddress</key>
                        <integer>1971060736</integer>
                    <key>ModuleName</key>
                        <string>C:\Windows\syswow64\kernel32.dll</string>
                    <key>Parameters</key>
                        <array>
                            <integer>0</integer>
                            <integer>84738004</integer>
                            <integer>2003344754</integer>
                            <integer>0</integer>
                            <integer>1932049677</integer>
                        </array>
                    <key>ReturnAddress</key>
                        <integer>1971140215</integer>
                    </map>
                    <map>
                    <key>CallOffset</key>
                        <integer>236914</integer>
                    <key>ModuleAddress</key>
                        <integer>2003107840</integer>
                    <key>ModuleName</key>
                        <string>C:\Windows\SysWOW64\ntdll.dll</string>
                    <key>Parameters</key>
                        <array>
                            <integer>0</integer>
                            <integer>1932049677</integer>
                            <integer>0</integer>
                            <integer>0</integer>
                            <integer>0</integer>
                        </array>
                    <key>ReturnAddress</key>
                        <integer>2003344754</integer>
                    </map>
                    <map>
                    <key>CallOffset</key>
                        <integer>236869</integer>
                    <key>ModuleAddress</key>
                        <integer>2003107840</integer>
                    <key>ModuleName</key>
                        <string>C:\Windows\SysWOW64\ntdll.dll</string>
                    <key>Parameters</key>
                        <array>
                            <integer>1749621807</integer>
                            <integer>0</integer>
                            <integer>0</integer>
                            <integer>0</integer>
                            <integer>0</integer>
                        </array>
                    <key>ReturnAddress</key>
                        <integer>2003344709</integer>
                    </map>
                </array>
            <key>EbpUsed</key>
                <boolean>1</boolean>
            <key>HeuristicWalkI</key>
                <integer>0</integer>
            </map>
        <key>ID 6092</key>
            <map>
            <key>CallStack</key>
                <array>
                    <map>
                    <key>CallOffset</key>
                        <integer>71213</integer>
                    <key>ModuleAddress</key>
                        <integer>1971060736</integer>
                    <key>ModuleName</key>
                        <string>C:\Windows\syswow64\kernel32.dll</string>
                    <key>Parameters</key>
                        <array>
                            <integer>379780412</integer>
                            <integer>379780528</integer>
                            <integer>0</integer>
                            <integer>500</integer>
                            <integer>0</integer>
                        </array>
                    <key>ReturnAddress</key>
                        <integer>1971131949</integer>
                    </map>
                    <map>
                    <key>CallOffset</key>
                        <integer>71969</integer>
                    <key>ModuleAddress</key>
                        <integer>1971060736</integer>
                    <key>ModuleName</key>
                        <string>C:\Windows\syswow64\kernel32.dll</string>
                    <key>Parameters</key>
                        <array>
                            <integer>1</integer>
                            <integer>2130567168</integer>
                            <integer>0</integer>
                            <integer>500</integer>
                            <integer>0</integer>
                        </array>
                    <key>ReturnAddress</key>
                        <integer>1971132705</integer>
                    </map>
                    <map>
                    <key>CallOffset</key>
                        <integer>4826</integer>
                    <key>ModuleAddress</key>
                        <integer>1889271808</integer>
                    <key>ModuleName</key>
                        <string>C:\Windows\system32\dsound.dll</string>
                    <key>Parameters</key>
                        <array>
                            <integer>1</integer>
                            <integer>379780644</integer>
                            <integer>0</integer>
                            <integer>500</integer>
                            <integer>379780900</integer>
                        </array>
                    <key>ReturnAddress</key>
                        <integer>1889276634</integer>
                    </map>
                    <map>
                    <key>CallOffset</key>
                        <integer>11795</integer>
                    <key>ModuleAddress</key>
                        <integer>1889271808</integer>
                    <key>ModuleName</key>
                        <string>C:\Windows\system32\dsound.dll</string>
                    <key>Parameters</key>
                        <array>
                            <integer>1</integer>
                            <integer>500</integer>
                            <integer>0</integer>
                            <integer>379780644</integer>
                            <integer>0</integer>
                        </array>
                    <key>ReturnAddress</key>
                        <integer>1889283603</integer>
                    </map>
                    <map>
                    <key>CallOffset</key>
                        <integer>11668</integer>
                    <key>ModuleAddress</key>
                        <integer>1889271808</integer>
                    <key>ModuleName</key>
                        <string>C:\Windows\system32\dsound.dll</string>
                    <key>Parameters</key>
                        <array>
                            <integer>500</integer>
                            <integer>0</integer>
                            <integer>0</integer>
                            <integer>0</integer>
                            <integer>68814908</integer>
                        </array>
                    <key>ReturnAddress</key>
                        <integer>1889283476</integer>
                    </map>
                    <map>
                    <key>CallOffset</key>
                        <integer>10670</integer>
                    <key>ModuleAddress</key>
                        <integer>1889271808</integer>
                    <key>ModuleName</key>
                        <string>C:\Windows\system32\dsound.dll</string>
                    <key>Parameters</key>
                        <array>
                            <integer>0</integer>
                            <integer>68814908</integer>
                            <integer>1889461481</integer>
                            <integer>0</integer>
                            <integer>1889461422</integer>
                        </array>
                    <key>ReturnAddress</key>
                        <integer>1889282478</integer>
                    </map>
                    <map>
                    <key>CallOffset</key>
                        <integer>79479</integer>
                    <key>ModuleAddress</key>
                        <integer>1971060736</integer>
                    <key>ModuleName</key>
                        <string>C:\Windows\syswow64\kernel32.dll</string>
                    <key>Parameters</key>
                        <array>
                            <integer>68814908</integer>
                            <integer>379781076</integer>
                            <integer>2003344754</integer>
                            <integer>68814908</integer>
                            <integer>1619442957</integer>
                        </array>
                    <key>ReturnAddress</key>
                        <integer>1971140215</integer>
                    </map>
                    <map>
                    <key>CallOffset</key>
                        <integer>236914</integer>
                    <key>ModuleAddress</key>
                        <integer>2003107840</integer>
                    <key>ModuleName</key>
                        <string>C:\Windows\SysWOW64\ntdll.dll</string>
                    <key>Parameters</key>
                        <array>
                            <integer>68814908</integer>
                            <integer>1619442957</integer>
                            <integer>0</integer>
                            <integer>0</integer>
                            <integer>68814908</integer>
                        </array>
                    <key>ReturnAddress</key>
                        <integer>2003344754</integer>
                    </map>
                    <map>
                    <key>CallOffset</key>
                        <integer>236869</integer>
                    <key>ModuleAddress</key>
                        <integer>2003107840</integer>
                    <key>ModuleName</key>
                        <string>C:\Windows\SysWOW64\ntdll.dll</string>
                    <key>Parameters</key>
                        <array>
                            <integer>1889461409</integer>
                            <integer>68814908</integer>
                            <integer>0</integer>
                            <integer>0</integer>
                            <integer>0</integer>
                        </array>
                    <key>ReturnAddress</key>
                        <integer>2003344709</integer>
                    </map>
                </array>
            <key>EbpUsed</key>
                <boolean>1</boolean>
            <key>HeuristicWalkI</key>
                <integer>0</integer>
            </map>
        <key>ID 6136</key>
            <map>
            <key>CallStack</key>
                <array>
                    <map>
                    <key>CallOffset</key>
                        <integer>79479</integer>
                    <key>ModuleAddress</key>
                        <integer>1971060736</integer>
                    <key>ModuleName</key>
                        <string>C:\Windows\syswow64\kernel32.dll</string>
                    <key>Parameters</key>
                        <array>
                            <integer>0</integer>
                            <integer>133431252</integer>
                            <integer>2003344754</integer>
                            <integer>2171264</integer>
                            <integer>1909964045</integer>
                        </array>
                    <key>ReturnAddress</key>
                        <integer>1971140215</integer>
                    </map>
                    <map>
                    <key>CallOffset</key>
                        <integer>236914</integer>
                    <key>ModuleAddress</key>
                        <integer>2003107840</integer>
                    <key>ModuleName</key>
                        <string>C:\Windows\SysWOW64\ntdll.dll</string>
                    <key>Parameters</key>
                        <array>
                            <integer>2171264</integer>
                            <integer>1909964045</integer>
                            <integer>0</integer>
                            <integer>0</integer>
                            <integer>2171264</integer>
                        </array>
                    <key>ReturnAddress</key>
                        <integer>2003344754</integer>
                    </map>
                    <map>
                    <key>CallOffset</key>
                        <integer>236869</integer>
                    <key>ModuleAddress</key>
                        <integer>2003107840</integer>
                    <key>ModuleName</key>
                        <string>C:\Windows\SysWOW64\ntdll.dll</string>
                    <key>Parameters</key>
                        <array>
                            <integer>2003508351</integer>
                            <integer>2171264</integer>
                            <integer>0</integer>
                            <integer>0</integer>
                            <integer>0</integer>
                        </array>
                    <key>ReturnAddress</key>
                        <integer>2003344709</integer>
                    </map>
                </array>
            <key>EbpUsed</key>
                <boolean>1</boolean>
            <key>HeuristicWalkI</key>
                <integer>0</integer>
            </map>
        </map>
    </map>
</llsd>
